# JRE version: OpenJDK Runtime Environment (8.0_242-b01) (build 1.8.0_242-release-1644-b01)
# Java VM: OpenJDK 64-Bit Server VM (25.242-b01 mixed mode windows-amd64 compressed oops)
Heap:
 PSYoungGen      total 530432K, used 193454K [0x00000000d5580000, 0x0000000100000000, 0x0000000100000000)
  eden space 415232K, 18% used [0x00000000d5580000,0x00000000da221790,0x00000000eeb00000)
  from space 115200K, 99% used [0x00000000eeb00000,0x00000000f5b4a118,0x00000000f5b80000)
  to   space 155648K, 0% used [0x00000000f6800000,0x00000000f6800000,0x0000000100000000)
 ParOldGen       total 694272K, used 373294K [0x0000000080000000, 0x00000000aa600000, 0x00000000d5580000)
  object space 694272K, 53% used [0x0000000080000000,0x0000000096c8b8f0,0x00000000aa600000)
 Metaspace       used 445397K, capacity 469758K, committed 470080K, reserved 1458176K
  class space    used 57050K, capacity 61721K, committed 61784K, reserved 1048576K
GC Heap History (10 events):
Event: 5916.646 GC heap before
{Heap before GC invocations=112 (full 7):
 PSYoungGen      total 587776K, used 569145K [0x00000000d5580000, 0x0000000100000000, 0x0000000100000000)
  eden space 496128K, 99% used [0x00000000d5580000,0x00000000f39fe3d8,0x00000000f3a00000)
  from space 91648K, 79% used [0x00000000fa680000,0x00000000fedd03b0,0x0000000100000000)
  to   space 101376K, 0% used [0x00000000f3a00000,0x00000000f3a00000,0x00000000f9d00000)
 ParOldGen       total 694272K, used 373254K [0x0000000080000000, 0x00000000aa600000, 0x00000000d5580000)
  object space 694272K, 53% used [0x0000000080000000,0x0000000096c818f0,0x00000000aa600000)
 Metaspace       used 384789K, capacity 406380K, committed 406592K, reserved 1402880K
  class space    used 49155K, capacity 53230K, committed 53336K, reserved 1048576K
Event: 5916.700 GC heap after
Heap after GC invocations=112 (full 7):
 PSYoungGen      total 577024K, used 80558K [0x00000000d5580000, 0x0000000100000000, 0x0000000100000000)
  eden space 496128K, 0% used [0x00000000d5580000,0x00000000d5580000,0x00000000f3a00000)
  from space 80896K, 99% used [0x00000000f3a00000,0x00000000f88ab878,0x00000000f8900000)
  to   space 111616K, 0% used [0x00000000f9300000,0x00000000f9300000,0x0000000100000000)
 ParOldGen       total 694272K, used 373262K [0x0000000080000000, 0x00000000aa600000, 0x00000000d5580000)
  object space 694272K, 53% used [0x0000000080000000,0x0000000096c838f0,0x00000000aa600000)
 Metaspace       used 384789K, capacity 406380K, committed 406592K, reserved 1402880K
  class space    used 49155K, capacity 53230K, committed 53336K, reserved 1048576K
}
Event: 6700.967 GC heap before
{Heap before GC invocations=113 (full 7):
 PSYoungGen      total 577024K, used 576686K [0x00000000d5580000, 0x0000000100000000, 0x0000000100000000)
  eden space 496128K, 100% used [0x00000000d5580000,0x00000000f3a00000,0x00000000f3a00000)
  from space 80896K, 99% used [0x00000000f3a00000,0x00000000f88ab878,0x00000000f8900000)
  to   space 111616K, 0% used [0x00000000f9300000,0x00000000f9300000,0x0000000100000000)
 ParOldGen       total 694272K, used 373262K [0x0000000080000000, 0x00000000aa600000, 0x00000000d5580000)
  object space 694272K, 53% used [0x0000000080000000,0x0000000096c838f0,0x00000000aa600000)
 Metaspace       used 386288K, capacity 408588K, committed 408896K, reserved 1404928K
  class space    used 49328K, capacity 53494K, committed 53592K, reserved 1048576K
Event: 6701.007 GC heap after
Heap after GC invocations=113 (full 7):
 PSYoungGen      total 590848K, used 48947K [0x00000000d5580000, 0x0000000100000000, 0x0000000100000000)
  eden space 479232K, 0% used [0x00000000d5580000,0x00000000d5580000,0x00000000f2980000)
  from space 111616K, 43% used [0x00000000f9300000,0x00000000fc2ccfd0,0x0000000100000000)
  to   space 108032K, 0% used [0x00000000f2980000,0x00000000f2980000,0x00000000f9300000)
 ParOldGen       total 694272K, used 373270K [0x0000000080000000, 0x00000000aa600000, 0x00000000d5580000)
  object space 694272K, 53% used [0x0000000080000000,0x0000000096c858f0,0x00000000aa600000)
 Metaspace       used 386288K, capacity 408588K, committed 408896K, reserved 1404928K
  class space    used 49328K, capacity 53494K, committed 53592K, reserved 1048576K
}
Event: 6704.018 GC heap before
{Heap before GC invocations=114 (full 7):
 PSYoungGen      total 590848K, used 528179K [0x00000000d5580000, 0x0000000100000000, 0x0000000100000000)
  eden space 479232K, 100% used [0x00000000d5580000,0x00000000f2980000,0x00000000f2980000)
  from space 111616K, 43% used [0x00000000f9300000,0x00000000fc2ccfd0,0x0000000100000000)
  to   space 108032K, 0% used [0x00000000f2980000,0x00000000f2980000,0x00000000f9300000)
 ParOldGen       total 694272K, used 373270K [0x0000000080000000, 0x00000000aa600000, 0x00000000d5580000)
  object space 694272K, 53% used [0x0000000080000000,0x0000000096c858f0,0x00000000aa600000)
 Metaspace       used 407856K, capacity 431172K, committed 431424K, reserved 1423360K
  class space    used 52416K, capacity 56814K, committed 56920K, reserved 1048576K
Event: 6704.080 GC heap after
Heap after GC invocations=114 (full 7):
 PSYoungGen      total 578048K, used 98679K [0x00000000d5580000, 0x0000000100000000, 0x0000000100000000)
  eden space 479232K, 0% used [0x00000000d5580000,0x00000000d5580000,0x00000000f2980000)
  from space 98816K, 99% used [0x00000000f2980000,0x00000000f89ddec0,0x00000000f8a00000)
  to   space 120832K, 0% used [0x00000000f8a00000,0x00000000f8a00000,0x0000000100000000)
 ParOldGen       total 694272K, used 373278K [0x0000000080000000, 0x00000000aa600000, 0x00000000d5580000)
  object space 694272K, 53% used [0x0000000080000000,0x0000000096c878f0,0x00000000aa600000)
 Metaspace       used 407856K, capacity 431172K, committed 431424K, reserved 1423360K
  class space    used 52416K, capacity 56814K, committed 56920K, reserved 1048576K
}
Event: 6793.823 GC heap before
{Heap before GC invocations=115 (full 7):
 PSYoungGen      total 578048K, used 577911K [0x00000000d5580000, 0x0000000100000000, 0x0000000100000000)
  eden space 479232K, 100% used [0x00000000d5580000,0x00000000f2980000,0x00000000f2980000)
  from space 98816K, 99% used [0x00000000f2980000,0x00000000f89ddec0,0x00000000f8a00000)
  to   space 120832K, 0% used [0x00000000f8a00000,0x00000000f8a00000,0x0000000100000000)
 ParOldGen       total 694272K, used 373278K [0x0000000080000000, 0x00000000aa600000, 0x00000000d5580000)
  object space 694272K, 53% used [0x0000000080000000,0x0000000096c878f0,0x00000000aa600000)
 Metaspace       used 431805K, capacity 455918K, committed 456256K, reserved 1445888K
  class space    used 55612K, capacity 60219K, committed 60248K, reserved 1048576K
Event: 6793.884 GC heap after
Heap after GC invocations=115 (full 7):
 PSYoungGen      total 536064K, used 116866K [0x00000000d5580000, 0x0000000100000000, 0x0000000100000000)
  eden space 415232K, 0% used [0x00000000d5580000,0x00000000d5580000,0x00000000eeb00000)
  from space 120832K, 96% used [0x00000000f8a00000,0x00000000ffc20a10,0x0000000100000000)
  to   space 141824K, 0% used [0x00000000eeb00000,0x00000000eeb00000,0x00000000f7580000)
 ParOldGen       total 694272K, used 373286K [0x0000000080000000, 0x00000000aa600000, 0x00000000d5580000)
  object space 694272K, 53% used [0x0000000080000000,0x0000000096c898f0,0x00000000aa600000)
 Metaspace       used 431805K, capacity 455918K, committed 456256K, reserved 1445888K
  class space    used 55612K, capacity 60219K, committed 60248K, reserved 1048576K
}
Event: 6800.578 GC heap before
{Heap before GC invocations=116 (full 7):
 PSYoungGen      total 536064K, used 532098K [0x00000000d5580000, 0x0000000100000000, 0x0000000100000000)
  eden space 415232K, 100% used [0x00000000d5580000,0x00000000eeb00000,0x00000000eeb00000)
  from space 120832K, 96% used [0x00000000f8a00000,0x00000000ffc20a10,0x0000000100000000)
  to   space 141824K, 0% used [0x00000000eeb00000,0x00000000eeb00000,0x00000000f7580000)
 ParOldGen       total 694272K, used 373286K [0x0000000080000000, 0x00000000aa600000, 0x00000000d5580000)
  object space 694272K, 53% used [0x0000000080000000,0x0000000096c898f0,0x00000000aa600000)
 Metaspace       used 437766K, capacity 462142K, committed 462400K, reserved 1449984K
  class space    used 56189K, capacity 60889K, committed 61016K, reserved 1048576K
Event: 6800.626 GC heap after
Heap after GC invocations=116 (full 7):
 PSYoungGen      total 530432K, used 114984K [0x00000000d5580000, 0x0000000100000000, 0x0000000100000000)
  eden space 415232K, 0% used [0x00000000d5580000,0x00000000d5580000,0x00000000eeb00000)
  from space 115200K, 99% used [0x00000000eeb00000,0x00000000f5b4a118,0x00000000f5b80000)
  to   space 155648K, 0% used [0x00000000f6800000,0x00000000f6800000,0x0000000100000000)
 ParOldGen       total 694272K, used 373294K [0x0000000080000000, 0x00000000aa600000, 0x00000000d5580000)
  object space 694272K, 53% used [0x0000000080000000,0x0000000096c8b8f0,0x00000000aa600000)
 Metaspace       used 437766K, capacity 462142K, committed 462400K, reserved 1449984K
  class space    used 56189K, capacity 60889K, committed 61016K, reserved 1048576K
}

